[2026-03-27 18:41:53] ERROR: Uncaught exception {"type":"Error","message":"Call to undefined function neexistujuca_funkcia()","file":"C:\\xampp\\htdocs\\Red_Ghost\\public\\home.php","line":6,"uri":"/"}
[2026-03-27 18:41:53] ERROR: Uncaught exception {"type":"Error","message":"Call to undefined function neexistujuca_funkcia()","file":"C:\\xampp\\htdocs\\Red_Ghost\\public\\home.php","line":6,"uri":"/favicon.ico"}
[2026-03-27 18:42:54] ERROR: Uncaught exception {"type":"Error","message":"Call to undefined function neexistujuca_funkcia()","file":"C:\\xampp\\htdocs\\Red_Ghost\\public\\home.php","line":9,"uri":"/"}
[2026-03-27 18:43:07] ERROR: Uncaught exception {"type":"Error","message":"Call to undefined function neexistujuca_funkcia()","file":"C:\\xampp\\htdocs\\Red_Ghost\\public\\home.php","line":9,"uri":"/"}
[2026-03-27 18:43:49] ERROR: Uncaught exception {"type":"Error","message":"Call to undefined function neexistujuca_funkcia()","file":"C:\\xampp\\htdocs\\Red_Ghost\\public\\home.php","line":9,"uri":"/"}
[2026-03-27 18:43:49] ERROR: Uncaught exception {"type":"Error","message":"Call to undefined function neexistujuca_funkcia()","file":"C:\\xampp\\htdocs\\Red_Ghost\\public\\home.php","line":9,"uri":"/favicon.ico"}
[2026-03-27 18:47:06] ERROR: Uncaught exception {"type":"Error","message":"Call to undefined function neexistujuca_funkcia()","file":"C:\\xampp\\htdocs\\Red_Ghost\\public\\home.php","line":9,"uri":"/"}
[2026-03-27 18:47:06] ERROR: Uncaught exception {"type":"Error","message":"Call to undefined function neexistujuca_funkcia()","file":"C:\\xampp\\htdocs\\Red_Ghost\\public\\home.php","line":9,"uri":"/favicon.ico"}
[2026-03-27 18:47:22] ERROR: Uncaught exception {"type":"Error","message":"Call to undefined function neexistujuca_funkcia()","file":"C:\\xampp\\htdocs\\Red_Ghost\\public\\home.php","line":9,"uri":"/"}
[2026-03-27 18:47:22] ERROR: Uncaught exception {"type":"Error","message":"Call to undefined function neexistujuca_funkcia()","file":"C:\\xampp\\htdocs\\Red_Ghost\\public\\home.php","line":9,"uri":"/favicon.ico"}
[2026-03-27 18:47:34] ERROR: Uncaught exception {"type":"Error","message":"Call to undefined function neexistujuca_funkcia()","file":"C:\\xampp\\htdocs\\Red_Ghost\\public\\home.php","line":9,"uri":"/"}
[2026-03-27 18:47:34] ERROR: Uncaught exception {"type":"Error","message":"Call to undefined function neexistujuca_funkcia()","file":"C:\\xampp\\htdocs\\Red_Ghost\\public\\home.php","line":9,"uri":"/favicon.ico"}
[2026-03-27 18:47:44] ERROR: Uncaught exception {"type":"Error","message":"Call to undefined function neexistujuca_funkcia()","file":"C:\\xampp\\htdocs\\Red_Ghost\\public\\home.php","line":9,"uri":"/wpad.dat"}
[2026-03-27 18:48:28] ERROR: Uncaught exception {"type":"Error","message":"Call to undefined function neexistujuca_funkcia()","file":"C:\\xampp\\htdocs\\Red_Ghost\\public\\home.php","line":9,"uri":"/"}
[2026-03-27 18:48:28] ERROR: Uncaught exception {"type":"Error","message":"Call to undefined function neexistujuca_funkcia()","file":"C:\\xampp\\htdocs\\Red_Ghost\\public\\home.php","line":9,"uri":"/favicon.ico"}
[2026-03-27 18:48:36] ERROR: Uncaught exception {"type":"Error","message":"Call to undefined function neexistujuca_funkcia()","file":"C:\\xampp\\htdocs\\Red_Ghost\\public\\home.php","line":9,"uri":"/"}
[2026-03-27 18:48:36] ERROR: Uncaught exception {"type":"Error","message":"Call to undefined function neexistujuca_funkcia()","file":"C:\\xampp\\htdocs\\Red_Ghost\\public\\home.php","line":9,"uri":"/favicon.ico"}
[2026-03-27 18:49:02] ERROR: Uncaught exception {"type":"Error","message":"Call to undefined function neexistujuca_funkcia()","file":"C:\\xampp\\htdocs\\Red_Ghost\\public\\home.php","line":9,"uri":"/"}
[2026-03-27 18:49:02] ERROR: Uncaught exception {"type":"Error","message":"Call to undefined function neexistujuca_funkcia()","file":"C:\\xampp\\htdocs\\Red_Ghost\\public\\home.php","line":9,"uri":"/favicon.ico"}
[2026-03-27 18:49:14] ERROR: Uncaught exception {"type":"Error","message":"Call to undefined function neexistujuca_funkcia()","file":"C:\\xampp\\htdocs\\Red_Ghost\\public\\home.php","line":9,"uri":"/"}
[2026-03-27 18:49:14] ERROR: Uncaught exception {"type":"Error","message":"Call to undefined function neexistujuca_funkcia()","file":"C:\\xampp\\htdocs\\Red_Ghost\\public\\home.php","line":9,"uri":"/favicon.ico"}
[2026-03-27 18:49:15] ERROR: Uncaught exception {"type":"Error","message":"Call to undefined function neexistujuca_funkcia()","file":"C:\\xampp\\htdocs\\Red_Ghost\\public\\home.php","line":9,"uri":"/"}
[2026-03-27 18:49:15] ERROR: Uncaught exception {"type":"Error","message":"Call to undefined function neexistujuca_funkcia()","file":"C:\\xampp\\htdocs\\Red_Ghost\\public\\home.php","line":9,"uri":"/favicon.ico"}
[2026-03-27 18:49:16] ERROR: Uncaught exception {"type":"Error","message":"Call to undefined function neexistujuca_funkcia()","file":"C:\\xampp\\htdocs\\Red_Ghost\\public\\home.php","line":9,"uri":"/"}
[2026-03-27 18:49:16] ERROR: Uncaught exception {"type":"Error","message":"Call to undefined function neexistujuca_funkcia()","file":"C:\\xampp\\htdocs\\Red_Ghost\\public\\home.php","line":9,"uri":"/favicon.ico"}
[2026-03-27 18:49:16] ERROR: Uncaught exception {"type":"Error","message":"Call to undefined function neexistujuca_funkcia()","file":"C:\\xampp\\htdocs\\Red_Ghost\\public\\home.php","line":9,"uri":"/"}
[2026-03-27 18:49:16] ERROR: Uncaught exception {"type":"Error","message":"Call to undefined function neexistujuca_funkcia()","file":"C:\\xampp\\htdocs\\Red_Ghost\\public\\home.php","line":9,"uri":"/favicon.ico"}
[2026-03-27 18:49:16] ERROR: Uncaught exception {"type":"Error","message":"Call to undefined function neexistujuca_funkcia()","file":"C:\\xampp\\htdocs\\Red_Ghost\\public\\home.php","line":9,"uri":"/"}
[2026-03-27 18:49:16] ERROR: Uncaught exception {"type":"Error","message":"Call to undefined function neexistujuca_funkcia()","file":"C:\\xampp\\htdocs\\Red_Ghost\\public\\home.php","line":9,"uri":"/favicon.ico"}
[2026-03-27 18:49:17] ERROR: Uncaught exception {"type":"Error","message":"Call to undefined function neexistujuca_funkcia()","file":"C:\\xampp\\htdocs\\Red_Ghost\\public\\home.php","line":9,"uri":"/"}
[2026-03-27 18:49:17] ERROR: Uncaught exception {"type":"Error","message":"Call to undefined function neexistujuca_funkcia()","file":"C:\\xampp\\htdocs\\Red_Ghost\\public\\home.php","line":9,"uri":"/favicon.ico"}
[2026-03-27 18:49:30] ERROR: Uncaught exception {"type":"Error","message":"Call to undefined function neexistujuca_funkcia()","file":"C:\\xampp\\htdocs\\Red_Ghost\\public\\home.php","line":9,"uri":"/"}
[2026-03-27 18:49:30] ERROR: Uncaught exception {"type":"Error","message":"Call to undefined function neexistujuca_funkcia()","file":"C:\\xampp\\htdocs\\Red_Ghost\\public\\home.php","line":9,"uri":"/favicon.ico"}
[2026-03-27 18:50:36] ERROR: Uncaught exception {"type":"Error","message":"Call to undefined function neexistujuca_funkcia()","file":"C:\\xampp\\htdocs\\Red_Ghost\\public\\home.php","line":9,"uri":"/"}
[2026-03-27 18:50:36] WARNING: PHP warning/notice {"severity":2,"message":"require(C:\\xampp\\htdocs\\Red_Ghost\\app\\viewsfooter.php): Failed to open stream: No such file or directory","file":"C:\\xampp\\htdocs\\Red_Ghost\\app\\views\\partials\\error500.php","line":21,"uri":"/"}
[2026-03-27 18:50:36] CRITICAL: Fatal PHP error {"type":1,"message":"Uncaught Error: Failed opening required 'C:\\xampp\\htdocs\\Red_Ghost\\app\\viewsfooter.php' (include_path='C:\\xampp\\php\\PEAR') in C:\\xampp\\htdocs\\Red_Ghost\\app\\views\\partials\\error500.php:21\nStack trace:\n#0 C:\\xampp\\htdocs\\Red_Ghost\\app\\core\\function.php(73): include()\n#1 C:\\xampp\\htdocs\\Red_Ghost\\app\\core\\function.php(108): app_render_friendly_error()\n#2 [internal function]: {closure}(Object(Error))\n#3 {main}\n  thrown","file":"C:\\xampp\\htdocs\\Red_Ghost\\app\\views\\partials\\error500.php","line":21,"uri":"/"}
[2026-03-27 18:50:36] WARNING: PHP warning/notice {"severity":2,"message":"require(C:\\xampp\\htdocs\\Red_Ghost\\app\\viewsfooter.php): Failed to open stream: No such file or directory","file":"C:\\xampp\\htdocs\\Red_Ghost\\app\\views\\partials\\error500.php","line":21,"uri":"/"}
[2026-03-27 18:50:36] ERROR: Uncaught exception {"type":"Error","message":"Call to undefined function neexistujuca_funkcia()","file":"C:\\xampp\\htdocs\\Red_Ghost\\public\\home.php","line":9,"uri":"/favicon.ico"}
[2026-03-27 18:50:36] WARNING: PHP warning/notice {"severity":2,"message":"require(C:\\xampp\\htdocs\\Red_Ghost\\app\\viewsfooter.php): Failed to open stream: No such file or directory","file":"C:\\xampp\\htdocs\\Red_Ghost\\app\\views\\partials\\error500.php","line":21,"uri":"/favicon.ico"}
[2026-03-27 18:50:36] CRITICAL: Fatal PHP error {"type":1,"message":"Uncaught Error: Failed opening required 'C:\\xampp\\htdocs\\Red_Ghost\\app\\viewsfooter.php' (include_path='C:\\xampp\\php\\PEAR') in C:\\xampp\\htdocs\\Red_Ghost\\app\\views\\partials\\error500.php:21\nStack trace:\n#0 C:\\xampp\\htdocs\\Red_Ghost\\app\\core\\function.php(73): include()\n#1 C:\\xampp\\htdocs\\Red_Ghost\\app\\core\\function.php(108): app_render_friendly_error()\n#2 [internal function]: {closure}(Object(Error))\n#3 {main}\n  thrown","file":"C:\\xampp\\htdocs\\Red_Ghost\\app\\views\\partials\\error500.php","line":21,"uri":"/favicon.ico"}
[2026-03-27 18:50:36] WARNING: PHP warning/notice {"severity":2,"message":"require(C:\\xampp\\htdocs\\Red_Ghost\\app\\viewsfooter.php): Failed to open stream: No such file or directory","file":"C:\\xampp\\htdocs\\Red_Ghost\\app\\views\\partials\\error500.php","line":21,"uri":"/favicon.ico"}
[2026-03-27 18:50:37] ERROR: Uncaught exception {"type":"Error","message":"Call to undefined function neexistujuca_funkcia()","file":"C:\\xampp\\htdocs\\Red_Ghost\\public\\home.php","line":9,"uri":"/"}
[2026-03-27 18:50:37] WARNING: PHP warning/notice {"severity":2,"message":"require(C:\\xampp\\htdocs\\Red_Ghost\\app\\viewsfooter.php): Failed to open stream: No such file or directory","file":"C:\\xampp\\htdocs\\Red_Ghost\\app\\views\\partials\\error500.php","line":21,"uri":"/"}
[2026-03-27 18:50:37] CRITICAL: Fatal PHP error {"type":1,"message":"Uncaught Error: Failed opening required 'C:\\xampp\\htdocs\\Red_Ghost\\app\\viewsfooter.php' (include_path='C:\\xampp\\php\\PEAR') in C:\\xampp\\htdocs\\Red_Ghost\\app\\views\\partials\\error500.php:21\nStack trace:\n#0 C:\\xampp\\htdocs\\Red_Ghost\\app\\core\\function.php(73): include()\n#1 C:\\xampp\\htdocs\\Red_Ghost\\app\\core\\function.php(108): app_render_friendly_error()\n#2 [internal function]: {closure}(Object(Error))\n#3 {main}\n  thrown","file":"C:\\xampp\\htdocs\\Red_Ghost\\app\\views\\partials\\error500.php","line":21,"uri":"/"}
[2026-03-27 18:50:37] WARNING: PHP warning/notice {"severity":2,"message":"require(C:\\xampp\\htdocs\\Red_Ghost\\app\\viewsfooter.php): Failed to open stream: No such file or directory","file":"C:\\xampp\\htdocs\\Red_Ghost\\app\\views\\partials\\error500.php","line":21,"uri":"/"}
[2026-03-27 18:50:37] ERROR: Uncaught exception {"type":"Error","message":"Call to undefined function neexistujuca_funkcia()","file":"C:\\xampp\\htdocs\\Red_Ghost\\public\\home.php","line":9,"uri":"/favicon.ico"}
[2026-03-27 18:50:37] WARNING: PHP warning/notice {"severity":2,"message":"require(C:\\xampp\\htdocs\\Red_Ghost\\app\\viewsfooter.php): Failed to open stream: No such file or directory","file":"C:\\xampp\\htdocs\\Red_Ghost\\app\\views\\partials\\error500.php","line":21,"uri":"/favicon.ico"}
[2026-03-27 18:50:37] CRITICAL: Fatal PHP error {"type":1,"message":"Uncaught Error: Failed opening required 'C:\\xampp\\htdocs\\Red_Ghost\\app\\viewsfooter.php' (include_path='C:\\xampp\\php\\PEAR') in C:\\xampp\\htdocs\\Red_Ghost\\app\\views\\partials\\error500.php:21\nStack trace:\n#0 C:\\xampp\\htdocs\\Red_Ghost\\app\\core\\function.php(73): include()\n#1 C:\\xampp\\htdocs\\Red_Ghost\\app\\core\\function.php(108): app_render_friendly_error()\n#2 [internal function]: {closure}(Object(Error))\n#3 {main}\n  thrown","file":"C:\\xampp\\htdocs\\Red_Ghost\\app\\views\\partials\\error500.php","line":21,"uri":"/favicon.ico"}
[2026-03-27 18:50:37] WARNING: PHP warning/notice {"severity":2,"message":"require(C:\\xampp\\htdocs\\Red_Ghost\\app\\viewsfooter.php): Failed to open stream: No such file or directory","file":"C:\\xampp\\htdocs\\Red_Ghost\\app\\views\\partials\\error500.php","line":21,"uri":"/favicon.ico"}
[2026-03-27 18:51:23] ERROR: Uncaught exception {"type":"Error","message":"Call to undefined function neexistujuca_funkcia()","file":"C:\\xampp\\htdocs\\Red_Ghost\\public\\home.php","line":9,"uri":"/"}
[2026-03-27 18:51:23] ERROR: Uncaught exception {"type":"Error","message":"Call to undefined function neexistujuca_funkcia()","file":"C:\\xampp\\htdocs\\Red_Ghost\\public\\home.php","line":9,"uri":"/favicon.ico"}
[2026-03-27 18:51:25] ERROR: Uncaught exception {"type":"Error","message":"Call to undefined function neexistujuca_funkcia()","file":"C:\\xampp\\htdocs\\Red_Ghost\\public\\home.php","line":9,"uri":"/"}
[2026-03-27 18:51:25] ERROR: Uncaught exception {"type":"Error","message":"Call to undefined function neexistujuca_funkcia()","file":"C:\\xampp\\htdocs\\Red_Ghost\\public\\home.php","line":9,"uri":"/favicon.ico"}
[2026-03-27 18:51:44] ERROR: Uncaught exception {"type":"Error","message":"Call to undefined function neexistujuca_funkcia()","file":"C:\\xampp\\htdocs\\Red_Ghost\\public\\home.php","line":9,"uri":"/"}
[2026-03-27 18:51:44] ERROR: Uncaught exception {"type":"Error","message":"Call to undefined function neexistujuca_funkcia()","file":"C:\\xampp\\htdocs\\Red_Ghost\\public\\home.php","line":9,"uri":"/favicon.ico"}
[2026-03-27 18:51:46] ERROR: Uncaught exception {"type":"Error","message":"Call to undefined function neexistujuca_funkcia()","file":"C:\\xampp\\htdocs\\Red_Ghost\\public\\home.php","line":9,"uri":"/"}
[2026-03-27 18:51:46] ERROR: Uncaught exception {"type":"Error","message":"Call to undefined function neexistujuca_funkcia()","file":"C:\\xampp\\htdocs\\Red_Ghost\\public\\home.php","line":9,"uri":"/favicon.ico"}
[2026-03-27 18:51:46] ERROR: Uncaught exception {"type":"Error","message":"Call to undefined function neexistujuca_funkcia()","file":"C:\\xampp\\htdocs\\Red_Ghost\\public\\home.php","line":9,"uri":"/"}
[2026-03-27 18:51:46] ERROR: Uncaught exception {"type":"Error","message":"Call to undefined function neexistujuca_funkcia()","file":"C:\\xampp\\htdocs\\Red_Ghost\\public\\home.php","line":9,"uri":"/favicon.ico"}
[2026-03-27 18:51:47] ERROR: Uncaught exception {"type":"Error","message":"Call to undefined function neexistujuca_funkcia()","file":"C:\\xampp\\htdocs\\Red_Ghost\\public\\home.php","line":9,"uri":"/"}
[2026-03-27 18:51:47] ERROR: Uncaught exception {"type":"Error","message":"Call to undefined function neexistujuca_funkcia()","file":"C:\\xampp\\htdocs\\Red_Ghost\\public\\home.php","line":9,"uri":"/favicon.ico"}
[2026-03-27 18:51:48] ERROR: Uncaught exception {"type":"Error","message":"Call to undefined function neexistujuca_funkcia()","file":"C:\\xampp\\htdocs\\Red_Ghost\\public\\home.php","line":9,"uri":"/"}
[2026-03-27 18:51:48] ERROR: Uncaught exception {"type":"Error","message":"Call to undefined function neexistujuca_funkcia()","file":"C:\\xampp\\htdocs\\Red_Ghost\\public\\home.php","line":9,"uri":"/favicon.ico"}
[2026-03-27 18:51:51] ERROR: Uncaught exception {"type":"Error","message":"Call to undefined function neexistujuca_funkcia()","file":"C:\\xampp\\htdocs\\Red_Ghost\\public\\home.php","line":9,"uri":"/"}
[2026-03-27 18:51:51] ERROR: Uncaught exception {"type":"Error","message":"Call to undefined function neexistujuca_funkcia()","file":"C:\\xampp\\htdocs\\Red_Ghost\\public\\home.php","line":9,"uri":"/favicon.ico"}
[2026-03-27 18:51:51] ERROR: Uncaught exception {"type":"Error","message":"Call to undefined function neexistujuca_funkcia()","file":"C:\\xampp\\htdocs\\Red_Ghost\\public\\home.php","line":9,"uri":"/"}
[2026-03-27 18:51:52] ERROR: Uncaught exception {"type":"Error","message":"Call to undefined function neexistujuca_funkcia()","file":"C:\\xampp\\htdocs\\Red_Ghost\\public\\home.php","line":9,"uri":"/favicon.ico"}
[2026-03-27 18:51:52] ERROR: Uncaught exception {"type":"Error","message":"Call to undefined function neexistujuca_funkcia()","file":"C:\\xampp\\htdocs\\Red_Ghost\\public\\home.php","line":9,"uri":"/"}
[2026-03-27 18:51:52] ERROR: Uncaught exception {"type":"Error","message":"Call to undefined function neexistujuca_funkcia()","file":"C:\\xampp\\htdocs\\Red_Ghost\\public\\home.php","line":9,"uri":"/favicon.ico"}
[2026-03-27 18:52:26] ERROR: Uncaught exception {"type":"Error","message":"Call to undefined function neexistujuca_funkcia()","file":"C:\\xampp\\htdocs\\Red_Ghost\\public\\home.php","line":9,"uri":"/"}
[2026-03-27 18:52:26] ERROR: Uncaught exception {"type":"Error","message":"Call to undefined function neexistujuca_funkcia()","file":"C:\\xampp\\htdocs\\Red_Ghost\\public\\home.php","line":9,"uri":"/favicon.ico"}
[2026-03-27 18:52:45] ERROR: Uncaught exception {"type":"Error","message":"Call to undefined function neexistujuca_funkcia()","file":"C:\\xampp\\htdocs\\Red_Ghost\\public\\home.php","line":9,"uri":"/home"}
[2026-03-27 18:52:45] ERROR: Uncaught exception {"type":"Error","message":"Call to undefined function neexistujuca_funkcia()","file":"C:\\xampp\\htdocs\\Red_Ghost\\public\\home.php","line":9,"uri":"/favicon.ico"}
[2026-03-27 18:54:35] ERROR: Uncaught exception {"type":"Error","message":"Call to undefined function neexistujuca_funkcia()","file":"C:\\xampp\\htdocs\\Red_Ghost\\public\\home.php","line":9,"uri":"/home"}
[2026-03-27 18:54:35] ERROR: Uncaught exception {"type":"Error","message":"Call to undefined function neexistujuca_funkcia()","file":"C:\\xampp\\htdocs\\Red_Ghost\\public\\home.php","line":9,"uri":"/favicon.ico"}
[2026-03-27 18:54:37] ERROR: Uncaught exception {"type":"Error","message":"Call to undefined function neexistujuca_funkcia()","file":"C:\\xampp\\htdocs\\Red_Ghost\\public\\home.php","line":9,"uri":"/home"}
[2026-03-27 18:54:38] ERROR: Uncaught exception {"type":"Error","message":"Call to undefined function neexistujuca_funkcia()","file":"C:\\xampp\\htdocs\\Red_Ghost\\public\\home.php","line":9,"uri":"/home"}
[2026-03-27 18:54:38] ERROR: Uncaught exception {"type":"Error","message":"Call to undefined function neexistujuca_funkcia()","file":"C:\\xampp\\htdocs\\Red_Ghost\\public\\home.php","line":9,"uri":"/favicon.ico"}
[2026-03-27 18:54:50] ERROR: Uncaught exception {"type":"Error","message":"Call to undefined function neexistujuca_funkcia()","file":"C:\\xampp\\htdocs\\Red_Ghost\\public\\home.php","line":9,"uri":"/home"}
[2026-03-27 18:54:50] ERROR: Uncaught exception {"type":"Error","message":"Call to undefined function neexistujuca_funkcia()","file":"C:\\xampp\\htdocs\\Red_Ghost\\public\\home.php","line":9,"uri":"/favicon.ico"}
[2026-03-27 18:55:48] ERROR: Uncaught exception {"type":"Error","message":"Call to undefined function neexistujuca_funkcia()","file":"C:\\xampp\\htdocs\\Red_Ghost\\public\\home.php","line":9,"uri":"/home"}
[2026-03-27 18:55:48] ERROR: Uncaught exception {"type":"Error","message":"Call to undefined function neexistujuca_funkcia()","file":"C:\\xampp\\htdocs\\Red_Ghost\\public\\home.php","line":9,"uri":"/favicon.ico"}
[2026-03-27 18:56:01] ERROR: Uncaught exception {"type":"Error","message":"Call to undefined function neexistujuca_funkcia()","file":"C:\\xampp\\htdocs\\Red_Ghost\\public\\home.php","line":9,"uri":"/home"}
[2026-03-27 18:56:01] ERROR: Uncaught exception {"type":"Error","message":"Call to undefined function neexistujuca_funkcia()","file":"C:\\xampp\\htdocs\\Red_Ghost\\public\\home.php","line":9,"uri":"/favicon.ico"}
[2026-03-27 18:56:12] ERROR: Uncaught exception {"type":"Error","message":"Call to undefined function neexistujuca_funkcia()","file":"C:\\xampp\\htdocs\\Red_Ghost\\public\\home.php","line":9,"uri":"/home"}
[2026-03-27 18:56:12] ERROR: Uncaught exception {"type":"Error","message":"Call to undefined function neexistujuca_funkcia()","file":"C:\\xampp\\htdocs\\Red_Ghost\\public\\home.php","line":9,"uri":"/favicon.ico"}
[2026-03-27 18:56:25] ERROR: Uncaught exception {"type":"Error","message":"Call to undefined function neexistujuca_funkcia()","file":"C:\\xampp\\htdocs\\Red_Ghost\\public\\home.php","line":9,"uri":"/home"}
[2026-03-27 18:56:25] ERROR: Uncaught exception {"type":"Error","message":"Call to undefined function neexistujuca_funkcia()","file":"C:\\xampp\\htdocs\\Red_Ghost\\public\\home.php","line":9,"uri":"/favicon.ico"}
[2026-03-27 18:56:41] ERROR: Uncaught exception {"type":"Error","message":"Call to undefined function neexistujuca_funkcia()","file":"C:\\xampp\\htdocs\\Red_Ghost\\public\\home.php","line":9,"uri":"/home"}
[2026-03-27 18:56:41] ERROR: Uncaught exception {"type":"Error","message":"Call to undefined function neexistujuca_funkcia()","file":"C:\\xampp\\htdocs\\Red_Ghost\\public\\home.php","line":9,"uri":"/favicon.ico"}
[2026-03-27 18:57:03] ERROR: Uncaught exception {"type":"Error","message":"Call to undefined function neexistujuca_funkcia()","file":"C:\\xampp\\htdocs\\Red_Ghost\\public\\home.php","line":9,"uri":"/home"}
[2026-03-27 18:57:03] ERROR: Uncaught exception {"type":"Error","message":"Call to undefined function neexistujuca_funkcia()","file":"C:\\xampp\\htdocs\\Red_Ghost\\public\\home.php","line":9,"uri":"/favicon.ico"}
[2026-03-27 18:57:44] ERROR: Uncaught exception {"type":"Error","message":"Call to undefined function neexistujuca_funkcia()","file":"C:\\xampp\\htdocs\\Red_Ghost\\public\\home.php","line":9,"uri":"/wpad.dat"}
[2026-03-27 18:57:47] ERROR: Uncaught exception {"type":"Error","message":"Call to undefined function neexistujuca_funkcia()","file":"C:\\xampp\\htdocs\\Red_Ghost\\public\\home.php","line":9,"uri":"/home"}
[2026-03-27 18:57:47] ERROR: Uncaught exception {"type":"Error","message":"Call to undefined function neexistujuca_funkcia()","file":"C:\\xampp\\htdocs\\Red_Ghost\\public\\home.php","line":9,"uri":"/favicon.ico"}
[2026-03-27 18:57:57] ERROR: Uncaught exception {"type":"Error","message":"Call to undefined function neexistujuca_funkcia()","file":"C:\\xampp\\htdocs\\Red_Ghost\\public\\home.php","line":9,"uri":"/home"}
[2026-03-27 18:57:58] ERROR: Uncaught exception {"type":"Error","message":"Call to undefined function neexistujuca_funkcia()","file":"C:\\xampp\\htdocs\\Red_Ghost\\public\\home.php","line":9,"uri":"/favicon.ico"}
[2026-03-27 18:58:19] ERROR: Uncaught exception {"type":"Error","message":"Call to undefined function neexistujuca_funkcia()","file":"C:\\xampp\\htdocs\\Red_Ghost\\public\\home.php","line":9,"uri":"/home"}
[2026-03-27 18:58:19] ERROR: Uncaught exception {"type":"Error","message":"Call to undefined function neexistujuca_funkcia()","file":"C:\\xampp\\htdocs\\Red_Ghost\\public\\home.php","line":9,"uri":"/favicon.ico"}
